<?xml version="1.0" encoding="UTF-8"?>
<testsuite name="NegativeTests" tests="1" skipped="0" failures="0" errors="0" timestamp="2023-02-07T05:49:02" hostname="Vs-MacBook-Pro.local" time="1.09">
  <properties/>
  <testcase name="shouldNotAllowToCreateUserWithUsedEmail" classname="NegativeTests" time="1.09"/>
  <system-out><![CDATA[{
    "id": "63e1e64f3425cf0a1d90d981",
    "firstName": "Vinutha",
    "lastName": "Mahadev",
    "email": "5a34c384-09e9-4bba-bde4-1bd97fac928a@gmail.com",
    "registerDate": "2023-02-07T05:49:03.071Z",
    "updatedDate": "2023-02-07T05:49:03.071Z"
}
{
    "error": "BODY_NOT_VALID",
    "data": {
        "email": "Email already used"
    }
}
]]></system-out>
  <system-err><![CDATA[]]></system-err>
</testsuite>
