<?xml version="1.0" encoding="UTF-8"?>
<testsuite name="GetUserTest" tests="2" skipped="0" failures="0" errors="0" timestamp="2023-02-07T05:49:01" hostname="Vs-MacBook-Pro.local" time="1.258">
  <properties/>
  <testcase name="shouldGetUsers" classname="GetUserTest" time="0.588"/>
  <testcase name="shouldGetUsersCreatedByYourAccount" classname="GetUserTest" time="0.667"/>
  <system-out><![CDATA[{
    "data": [
        {
            "id": "60d0fe4f5311236168a109ca",
            "title": "ms",
            "firstName": "Sara",
            "lastName": "Andersen",
            "picture": "https://randomuser.me/api/portraits/women/58.jpg"
        },
        {
            "id": "60d0fe4f5311236168a109cb",
            "title": "miss",
            "firstName": "Edita",
            "lastName": "Vestering",
            "picture": "https://randomuser.me/api/portraits/med/women/89.jpg"
        },
        {
            "id": "60d0fe4f5311236168a109cc",
            "title": "ms",
            "firstName": "Adina",
            "lastName": "Barbosa",
            "picture": "https://randomuser.me/api/portraits/med/women/28.jpg"
        },
        {
            "id": "60d0fe4f5311236168a109cd",
            "title": "mr",
            "firstName": "Roberto",
            "lastName": "Vega",
            "picture": "https://randomuser.me/api/portraits/med/men/25.jpg"
        },
        {
            "id": "60d0fe4f5311236168a109ce",
            "title": "mr",
            "firstName": "Rudi",
            "lastName": "Droste",
            "picture": "https://randomuser.me/api/portraits/med/men/83.jpg"
        },
        {
            "id": "60d0fe4f5311236168a109cf",
            "title": "mrs",
            "firstName": "Carolina",
            "lastName": "Lima",
            "picture": "https://randomuser.me/api/portraits/med/women/5.jpg"
        },
        {
            "id": "60d0fe4f5311236168a109d0",
            "title": "mr",
            "firstName": "Emre",
            "lastName": "Asikoglu",
            "picture": "https://randomuser.me/api/portraits/med/men/23.jpg"
        },
        {
            "id": "60d0fe4f5311236168a109d1",
            "title": "mr",
            "firstName": "Kent",
            "lastName": "Brewer",
            "picture": "https://randomuser.me/api/portraits/med/men/52.jpg"
        },
        {
            "id": "60d0fe4f5311236168a109d2",
            "title": "mr",
            "firstName": "Evan",
            "lastName": "Carlson",
            "picture": "https://randomuser.me/api/portraits/med/men/80.jpg"
        },
        {
            "id": "60d0fe4f5311236168a109d3",
            "title": "mr",
            "firstName": "Friedrich-Karl",
            "lastName": "Brand",
            "picture": "https://randomuser.me/api/portraits/med/men/7.jpg"
        },
        {
            "id": "60d0fe4f5311236168a109d4",
            "title": "mr",
            "firstName": "Valentin",
            "lastName": "Ortega",
            "picture": "https://randomuser.me/api/portraits/med/men/3.jpg"
        },
        {
            "id": "60d0fe4f5311236168a109d5",
            "title": "mrs",
            "firstName": "Sibylle",
            "lastName": "Leibold",
            "picture": "https://randomuser.me/api/portraits/med/women/89.jpg"
        },
        {
            "id": "60d0fe4f5311236168a109d6",
            "title": "mrs",
            "firstName": "Elisa",
            "lastName": "Lorenzo",
            "picture": "https://randomuser.me/api/portraits/med/women/89.jpg"
        },
        {
            "id": "60d0fe4f5311236168a109d7",
            "title": "mr",
            "firstName": "Leevi",
            "lastName": "Savela",
            "picture": "https://randomuser.me/api/portraits/med/men/67.jpg"
        },
        {
            "id": "60d0fe4f5311236168a109d8",
            "title": "mrs",
            "firstName": "Karoline",
            "lastName": "Sviggum",
            "picture": "https://randomuser.me/api/portraits/med/women/61.jpg"
        },
        {
            "id": "60d0fe4f5311236168a109d9",
            "title": "ms",
            "firstName": "Nuria",
            "lastName": "Leon",
            "picture": "https://randomuser.me/api/portraits/med/women/93.jpg"
        },
        {
            "id": "60d0fe4f5311236168a109da",
            "title": "mr",
            "firstName": "Lance",
            "lastName": "Foster",
            "picture": "https://randomuser.me/api/portraits/med/men/13.jpg"
        },
        {
            "id": "60d0fe4f5311236168a109db",
            "title": "miss",
            "firstName": "Naomi",
            "lastName": "Rodrigues",
            "picture": "https://randomuser.me/api/portraits/med/women/39.jpg"
        },
        {
            "id": "60d0fe4f5311236168a109dc",
            "title": "mr",
            "firstName": "Evan",
            "lastName": "Roux",
            "picture": "https://randomuser.me/api/portraits/med/men/59.jpg"
        },
        {
            "id": "60d0fe4f5311236168a109dd",
            "title": "mr",
            "firstName": "Miguel",
            "lastName": "Lima",
            "picture": "https://randomuser.me/api/portraits/med/men/31.jpg"
        }
    ],
    "total": 169,
    "page": 0,
    "limit": 20
}
{
    "data": [
        {
            "id": "63b2b6593d3e986ed554f612",
            "firstName": "deqwd",
            "lastName": "w"
        },
        {
            "id": "63b3c99c1cd12cac88f68c94",
            "firstName": "Sbnnara",
            "lastName": "Andersen"
        },
        {
            "id": "63b3d1601cd12c466cf69807",
            "firstName": "Sbnnara",
            "lastName": "Andersen"
        },
        {
            "id": "63b3d3b21cd12c5044f698f8",
            "firstName": "Vinutha",
            "lastName": "Mahadev"
        },
        {
            "id": "63b3d63f1cd12c347ff69a32",
            "firstName": "Vinutha",
            "lastName": "Mahadev"
        },
        {
            "id": "63b3d9f81cd12c6479f69da6",
            "firstName": "Vinutha",
            "lastName": "Mahadev"
        },
        {
            "id": "63bbbb64b7d7b3cbb45a4098",
            "firstName": "Vinutha",
            "lastName": "Mahadev"
        },
        {
            "id": "63bbbba6b7d7b34e2f5a40a0",
            "firstName": "Vinutha",
            "lastName": "Mahadev"
        },
        {
            "id": "63bcfba27dc8633acfa9fb78",
            "firstName": "Vinutha",
            "lastName": "Mahadev"
        },
        {
            "id": "63be4775d1eb2dfb5e55e261",
            "firstName": "Vinutha",
            "lastName": "hvjhfjhv"
        },
        {
            "id": "63be81d170aabb57e84cf31f",
            "firstName": "Vinutha",
            "lastName": "Mahadev"
        },
        {
            "id": "63be856970aabb4a944cf756",
            "firstName": "Vinutha",
            "lastName": "Mahadev"
        },
        {
            "id": "63be860670aabb42f84cf79f",
            "firstName": "hfhfhf",
            "lastName": "hghgjhg"
        },
        {
            "id": "63be862670aabb0ba84cf7a3",
            "firstName": "Vinutha",
            "lastName": "Mahadev"
        },
        {
            "id": "63be892270aabb8b634cfbca",
            "firstName": "Sbnnara",
            "lastName": "Andersen"
        },
        {
            "id": "63bfafff55beb6f679b5a08a",
            "firstName": "Sbnnara",
            "lastName": "Andersen"
        },
        {
            "id": "63bfb1d354edce3c2cd3deb7",
            "firstName": "Sbnnara",
            "lastName": "Andersen"
        },
        {
            "id": "63bfb23454edce182ed3deee",
            "firstName": "Sbnnara1",
            "lastName": "Andersen"
        },
        {
            "id": "63bfb991b27c7879aec86c2e",
            "firstName": "Sbnnara1",
            "lastName": "Andersen"
        },
        {
            "id": "63bfd14154edce2efed40a97",
            "firstName": "Sbnnara1",
            "lastName": "Andersen"
        }
    ],
    "total": 70,
    "page": 0,
    "limit": 20
}
]]></system-out>
  <system-err><![CDATA[]]></system-err>
</testsuite>
