<?xml version="1.0" encoding="UTF-8"?>
<testsuite name="integrationTests.E2E_Tests" tests="1" skipped="0" failures="0" errors="0" timestamp="2023-02-07T05:49:03" hostname="Vs-MacBook-Pro.local" time="3.452">
  <properties/>
  <testcase name="endToEndTests" classname="integrationTests.E2E_Tests" time="3.452"/>
  <system-out><![CDATA[{
    "id": "63e1e6503425cff7d990d987",
    "firstName": "Vinutha",
    "lastName": "Mahadev",
    "email": "257ef4bd-5838-4717-a104-4e8db6c8aee7@gmail.com",
    "registerDate": "2023-02-07T05:49:04.121Z",
    "updatedDate": "2023-02-07T05:49:04.121Z"
}
{
    "id": "63e1e6503425cf785290d98d",
    "image": "https://i.picsum.photos/id/866/200/300.jpg?hmac=rcadCENKh4rD6MAp6V_ma-AyWv641M4iiOpe1RyFHeI",
    "likes": 0,
    "link": "",
    "tags": [
        "Mountain",
        "Clouds",
        "Sky"
    ],
    "text": "A beauty of a mountain",
    "publishDate": "2023-02-07T05:49:04.643Z",
    "updatedDate": "2023-02-07T05:49:04.643Z",
    "owner": {
        "id": "63e1e6503425cff7d990d987",
        "firstName": "Vinutha",
        "lastName": "Mahadev"
    }
}
{
    "id": "63e1e6503425cf785290d98d"
}
{
    "error": "RESOURCE_NOT_FOUND"
}
{
    "id": "63e1e6503425cff7d990d987"
}
{
    "error": "RESOURCE_NOT_FOUND"
}
]]></system-out>
  <system-err><![CDATA[]]></system-err>
</testsuite>
